{
  "RSpec": {
    "coverage": {
      "/Users/johnfigueiredo/rails_projects/john_second_database/app/controllers/application_controller.rb": [
        1,
        1,
        1,
        null
      ],
      "/Users/johnfigueiredo/rails_projects/john_second_database/app/helpers/application_helper.rb": [
        1,
        null,
        null,
        1,
        163,
        163,
        17,
        null,
        146,
        null,
        null,
        null
      ],
      "/Users/johnfigueiredo/rails_projects/john_second_database/app/helpers/sessions_helper.rb": [
        1,
        null,
        1,
        45,
        45,
        null,
        null,
        1,
        229,
        null,
        null,
        1,
        46,
        null,
        null,
        1,
        563,
        null,
        null,
        1,
        29,
        null,
        null,
        1,
        6,
        2,
        2,
        null,
        null,
        null,
        1,
        1,
        1,
        null,
        null,
        1,
        36,
        36,
        null,
        null,
        1,
        6,
        null,
        null
      ],
      "/Users/johnfigueiredo/rails_projects/john_second_database/app/helpers/static_pages_helper.rb": [
        1,
        null
      ],
      "/Users/johnfigueiredo/rails_projects/john_second_database/app/helpers/users_helper.rb": [
        1,
        null,
        null,
        1,
        147,
        147,
        147,
        147,
        null,
        null
      ],
      "/Users/johnfigueiredo/rails_projects/john_second_database/app/controllers/microposts_controller.rb": [
        1,
        1,
        1,
        null,
        1,
        3,
        3,
        1,
        1,
        null,
        2,
        2,
        null,
        null,
        null,
        1,
        1,
        1,
        null,
        null,
        1,
        null,
        1,
        1,
        1,
        null,
        null
      ],
      "/Users/johnfigueiredo/rails_projects/john_second_database/app/models/micropost.rb": [
        null,
        null,
        null,
        null,
        null,
        null,
        null,
        null,
        null,
        null,
        null,
        1,
        1,
        null,
        1,
        null,
        1,
        1,
        null,
        1,
        null
      ],
      "/Users/johnfigueiredo/rails_projects/john_second_database/app/controllers/sessions_controller.rb": [
        1,
        null,
        1,
        null,
        null,
        1,
        39,
        39,
        36,
        36,
        null,
        3,
        3,
        null,
        null,
        null,
        1,
        1,
        1,
        null,
        null
      ],
      "/Users/johnfigueiredo/rails_projects/john_second_database/app/controllers/static_pages_controller.rb": [
        1,
        null,
        1,
        14,
        8,
        8,
        null,
        null,
        null,
        1,
        null,
        null,
        1,
        null,
        null,
        1,
        null,
        null,
        1,
        null,
        null
      ],
      "/Users/johnfigueiredo/rails_projects/john_second_database/app/controllers/user_mailer_controller.rb": [
        1,
        null,
        null,
        1,
        0,
        null,
        0,
        0,
        null,
        0,
        null,
        0,
        0,
        null,
        0,
        0,
        null,
        null,
        null,
        null
      ],
      "/Users/johnfigueiredo/rails_projects/john_second_database/app/models/user.rb": [
        null,
        null,
        null,
        null,
        null,
        null,
        null,
        null,
        null,
        null,
        null,
        null,
        null,
        null,
        1,
        1,
        1,
        1,
        1,
        1,
        null,
        128,
        1,
        128,
        null,
        1,
        1,
        1,
        null,
        null,
        1,
        1,
        null,
        1,
        null,
        12,
        null,
        null,
        1,
        1,
        null,
        null,
        1,
        2,
        null,
        null,
        1,
        null,
        1,
        127,
        null,
        null
      ],
      "/Users/johnfigueiredo/rails_projects/john_second_database/app/controllers/users_controller.rb": [
        1,
        1,
        1,
        1,
        null,
        1,
        49,
        49,
        null,
        null,
        1,
        5,
        null,
        null,
        1,
        12,
        null,
        null,
        1,
        5,
        5,
        4,
        4,
        4,
        null,
        1,
        null,
        null,
        null,
        1,
        null,
        null,
        1,
        6,
        5,
        5,
        5,
        null,
        1,
        null,
        null,
        null,
        1,
        1,
        1,
        1,
        null,
        null,
        1,
        null,
        1,
        36,
        4,
        4,
        null,
        null,
        null,
        1,
        18,
        18,
        null,
        null,
        1,
        2,
        null,
        null
      ],
      "/Users/johnfigueiredo/rails_projects/john_second_database/app/mailers/user_mailer.rb": [
        1,
        1,
        null,
        1,
        null,
        3,
        null,
        null
      ],
      "/Users/johnfigueiredo/rails_projects/john_second_database/app/models/relationship.rb": [
        null,
        null,
        null,
        null,
        null,
        null,
        null,
        null,
        null,
        null,
        null,
        1,
        1,
        null,
        1,
        1,
        null,
        1,
        1,
        null
      ]
    },
    "timestamp": 1354394202
  }
}
